<<<<<<< HEAD
  [1m[36m (199.5ms)[0m  [1mCREATE TABLE `schema_migrations` (`version` varchar(255) NOT NULL) ENGINE=InnoDB[0m
  [1m[35m (188.4ms)[0m  CREATE UNIQUE INDEX `unique_schema_migrations` ON `schema_migrations` (`version`) 
  [1m[36mActiveRecord::SchemaMigration Load (17.1ms)[0m  [1mSELECT `schema_migrations`.* FROM `schema_migrations`[0m
Migrating to DeviseCreateUsers (20140516135719)
  [1m[36mActiveRecord::SchemaMigration Load (0.1ms)[0m  [1mSELECT `schema_migrations`.* FROM `schema_migrations`[0m
Migrating to DeviseCreateUsers (20140516135719)
  [1m[35m (0.3ms)[0m  CREATE TABLE `users` (`id` int(11) DEFAULT NULL auto_increment PRIMARY KEY, `email` varchar(255) DEFAULT '' NOT NULL, `encrypted_password` varchar(255) DEFAULT '' NOT NULL, `full_name` varchar(80) NOT NULL, `user_name` varchar(255) NOT NULL, `phone_number` varchar(255) NOT NULL, `rg` varchar(20) NOT NULL, `issuing_agency` varchar(255) NOT NULL, `issuing_date` date NOT NULL, `cpf` varchar(20) NOT NULL, `birth_date` date(11) NOT NULL, `nationality` varchar(20) NOT NULL, `naturality` varchar(20) NOT NULL, `residential_address` varchar(50) NOT NULL, `cep` varchar(8) NOT NULL, `city` varchar(20) NOT NULL, `formation` varchar(20) NOT NULL, `course` varchar(20) NOT NULL, `institution` varchar(20) NOT NULL, `profession` varchar(20) NOT NULL, `sign_in_count` int(11) DEFAULT 0 NOT NULL, `current_sign_in_at` datetime, `last_sign_in_at` datetime, `current_sign_in_ip` varchar(255), `last_sign_in_ip` varchar(255), `created_at` datetime, `updated_at` datetime) ENGINE=InnoDB
Mysql2::Error: You have an error in your SQL syntax; check the manual that corresponds to your MySQL server version for the right syntax to use near '(11) NOT NULL, `nationality` varchar(20) NOT NULL, `naturality` varchar(20) NOT ' at line 1: CREATE TABLE `users` (`id` int(11) DEFAULT NULL auto_increment PRIMARY KEY, `email` varchar(255) DEFAULT '' NOT NULL, `encrypted_password` varchar(255) DEFAULT '' NOT NULL, `full_name` varchar(80) NOT NULL, `user_name` varchar(255) NOT NULL, `phone_number` varchar(255) NOT NULL, `rg` varchar(20) NOT NULL, `issuing_agency` varchar(255) NOT NULL, `issuing_date` date NOT NULL, `cpf` varchar(20) NOT NULL, `birth_date` date(11) NOT NULL, `nationality` varchar(20) NOT NULL, `naturality` varchar(20) NOT NULL, `residential_address` varchar(50) NOT NULL, `cep` varchar(8) NOT NULL, `city` varchar(20) NOT NULL, `formation` varchar(20) NOT NULL, `course` varchar(20) NOT NULL, `institution` varchar(20) NOT NULL, `profession` varchar(20) NOT NULL, `sign_in_count` int(11) DEFAULT 0 NOT NULL, `current_sign_in_at` datetime, `last_sign_in_at` datetime, `current_sign_in_ip` varchar(255), `last_sign_in_ip` varchar(255), `created_at` datetime, `updated_at` datetime) ENGINE=InnoDB
  [1m[36mActiveRecord::SchemaMigration Load (0.1ms)[0m  [1mSELECT `schema_migrations`.* FROM `schema_migrations`[0m
Migrating to DeviseCreateUsers (20140516135719)
  [1m[35m (0.4ms)[0m  CREATE TABLE `users` (`id` int(11) DEFAULT NULL auto_increment PRIMARY KEY, `email` varchar(255) DEFAULT '' NOT NULL, `encrypted_password` varchar(255) DEFAULT '' NOT NULL, `full_name` varchar(80) NOT NULL, `user_name` varchar(255) NOT NULL, `phone_number` varchar(255) NOT NULL, `rg` varchar(20) NOT NULL, `issuing_agency` varchar(255) NOT NULL, `issuing_date` date NOT NULL, `cpf` varchar(20) NOT NULL, `birth_date` date(11) NOT NULL, `nationality` varchar(20) NOT NULL, `naturality` varchar(20) NOT NULL, `residential_address` varchar(50) NOT NULL, `cep` varchar(8) NOT NULL, `city` varchar(20) NOT NULL, `formation` varchar(20) NOT NULL, `course` varchar(20) NOT NULL, `institution` varchar(20) NOT NULL, `profession` varchar(20) NOT NULL, `sign_in_count` int(11) DEFAULT 0 NOT NULL, `current_sign_in_at` datetime, `last_sign_in_at` datetime, `current_sign_in_ip` varchar(255), `last_sign_in_ip` varchar(255), `created_at` datetime, `updated_at` datetime) ENGINE=InnoDB
Mysql2::Error: You have an error in your SQL syntax; check the manual that corresponds to your MySQL server version for the right syntax to use near '(11) NOT NULL, `nationality` varchar(20) NOT NULL, `naturality` varchar(20) NOT ' at line 1: CREATE TABLE `users` (`id` int(11) DEFAULT NULL auto_increment PRIMARY KEY, `email` varchar(255) DEFAULT '' NOT NULL, `encrypted_password` varchar(255) DEFAULT '' NOT NULL, `full_name` varchar(80) NOT NULL, `user_name` varchar(255) NOT NULL, `phone_number` varchar(255) NOT NULL, `rg` varchar(20) NOT NULL, `issuing_agency` varchar(255) NOT NULL, `issuing_date` date NOT NULL, `cpf` varchar(20) NOT NULL, `birth_date` date(11) NOT NULL, `nationality` varchar(20) NOT NULL, `naturality` varchar(20) NOT NULL, `residential_address` varchar(50) NOT NULL, `cep` varchar(8) NOT NULL, `city` varchar(20) NOT NULL, `formation` varchar(20) NOT NULL, `course` varchar(20) NOT NULL, `institution` varchar(20) NOT NULL, `profession` varchar(20) NOT NULL, `sign_in_count` int(11) DEFAULT 0 NOT NULL, `current_sign_in_at` datetime, `last_sign_in_at` datetime, `current_sign_in_ip` varchar(255), `last_sign_in_ip` varchar(255), `created_at` datetime, `updated_at` datetime) ENGINE=InnoDB
  [1m[36mActiveRecord::SchemaMigration Load (0.1ms)[0m  [1mSELECT `schema_migrations`.* FROM `schema_migrations`[0m
Migrating to DeviseCreateUsers (20140516135719)
  [1m[35m (0.3ms)[0m  CREATE TABLE `users` (`id` int(11) DEFAULT NULL auto_increment PRIMARY KEY, `email` varchar(255) DEFAULT '' NOT NULL, `encrypted_password` varchar(255) DEFAULT '' NOT NULL, `full_name` varchar(80) NOT NULL, `user_name` varchar(255) NOT NULL, `phone_number` varchar(255) NOT NULL, `rg` varchar(20) NOT NULL, `issuing_agency` varchar(255) NOT NULL, `issuing_date` date NOT NULL, `cpf` varchar(20) NOT NULL, `birth_date` date(11) NOT NULL, `nationality` varchar(20) NOT NULL, `naturality` varchar(20) NOT NULL, `residential_address` varchar(50) NOT NULL, `cep` varchar(8) NOT NULL, `city` varchar(20) NOT NULL, `formation` varchar(20) NOT NULL, `course` varchar(20) NOT NULL, `institution` varchar(20) NOT NULL, `profession` varchar(20) NOT NULL, `sign_in_count` int(11) DEFAULT 0 NOT NULL, `current_sign_in_at` datetime, `last_sign_in_at` datetime, `current_sign_in_ip` varchar(255), `last_sign_in_ip` varchar(255), `created_at` datetime, `updated_at` datetime) ENGINE=InnoDB
Mysql2::Error: You have an error in your SQL syntax; check the manual that corresponds to your MySQL server version for the right syntax to use near '(11) NOT NULL, `nationality` varchar(20) NOT NULL, `naturality` varchar(20) NOT ' at line 1: CREATE TABLE `users` (`id` int(11) DEFAULT NULL auto_increment PRIMARY KEY, `email` varchar(255) DEFAULT '' NOT NULL, `encrypted_password` varchar(255) DEFAULT '' NOT NULL, `full_name` varchar(80) NOT NULL, `user_name` varchar(255) NOT NULL, `phone_number` varchar(255) NOT NULL, `rg` varchar(20) NOT NULL, `issuing_agency` varchar(255) NOT NULL, `issuing_date` date NOT NULL, `cpf` varchar(20) NOT NULL, `birth_date` date(11) NOT NULL, `nationality` varchar(20) NOT NULL, `naturality` varchar(20) NOT NULL, `residential_address` varchar(50) NOT NULL, `cep` varchar(8) NOT NULL, `city` varchar(20) NOT NULL, `formation` varchar(20) NOT NULL, `course` varchar(20) NOT NULL, `institution` varchar(20) NOT NULL, `profession` varchar(20) NOT NULL, `sign_in_count` int(11) DEFAULT 0 NOT NULL, `current_sign_in_at` datetime, `last_sign_in_at` datetime, `current_sign_in_ip` varchar(255), `last_sign_in_ip` varchar(255), `created_at` datetime, `updated_at` datetime) ENGINE=InnoDB
  [1m[36mActiveRecord::SchemaMigration Load (0.1ms)[0m  [1mSELECT `schema_migrations`.* FROM `schema_migrations`[0m
Migrating to DeviseCreateUsers (20140516135719)
  [1m[35m (80.7ms)[0m  CREATE TABLE `users` (`id` int(11) DEFAULT NULL auto_increment PRIMARY KEY, `email` varchar(255) DEFAULT '' NOT NULL, `encrypted_password` varchar(255) DEFAULT '' NOT NULL, `full_name` varchar(80) NOT NULL, `user_name` varchar(255) NOT NULL, `phone_number` varchar(255) NOT NULL, `rg` varchar(20) NOT NULL, `issuing_agency` varchar(255) NOT NULL, `issuing_date` date NOT NULL, `cpf` varchar(20) NOT NULL, `birth_date` date NOT NULL, `nationality` varchar(20) NOT NULL, `naturality` varchar(20) NOT NULL, `residential_address` varchar(50) NOT NULL, `cep` varchar(8) NOT NULL, `city` varchar(20) NOT NULL, `formation` varchar(20) NOT NULL, `course` varchar(20) NOT NULL, `institution` varchar(20) NOT NULL, `profession` varchar(20) NOT NULL, `sign_in_count` int(11) DEFAULT 0 NOT NULL, `current_sign_in_at` datetime, `last_sign_in_at` datetime, `current_sign_in_ip` varchar(255), `last_sign_in_ip` varchar(255), `created_at` datetime, `updated_at` datetime) ENGINE=InnoDB
  [1m[36m (148.5ms)[0m  [1mCREATE UNIQUE INDEX `index_users_on_email` ON `users` (`email`) [0m
  [1m[35m (0.1ms)[0m  BEGIN
  [1m[36mSQL (0.3ms)[0m  [1mINSERT INTO `schema_migrations` (`version`) VALUES ('20140516135719')[0m
  [1m[35m (40.9ms)[0m  COMMIT
  [1m[36mActiveRecord::SchemaMigration Load (15.5ms)[0m  [1mSELECT `schema_migrations`.* FROM `schema_migrations`[0m
  [1m[36mActiveRecord::SchemaMigration Load (0.1ms)[0m  [1mSELECT `schema_migrations`.* FROM `schema_migrations`[0m
  [1m[35mActiveRecord::SchemaMigration Load (0.1ms)[0m  SELECT `schema_migrations`.* FROM `schema_migrations`


Started GET "/users/sing_in" for 127.0.0.1 at 2014-05-16 11:53:58 -0300
  [1m[36mActiveRecord::SchemaMigration Load (0.1ms)[0m  [1mSELECT `schema_migrations`.* FROM `schema_migrations`[0m

ActionController::RoutingError (No route matches [GET] "/users/sing_in"):
  actionpack (4.0.4) lib/action_dispatch/middleware/debug_exceptions.rb:21:in `call'
=======


Started GET "/" for 127.0.0.1 at 2014-05-16 11:00:18 -0300

Mysql2::Error - Access denied for user 'root'@'localhost' (using password: NO):
  mysql2 (0.3.16) lib/mysql2/client.rb:70:in `connect'
  mysql2 (0.3.16) lib/mysql2/client.rb:70:in `initialize'
  activerecord (4.0.4) lib/active_record/connection_adapters/mysql2_adapter.rb:18:in `new'
  activerecord (4.0.4) lib/active_record/connection_adapters/mysql2_adapter.rb:18:in `mysql2_connection'
  activerecord (4.0.4) lib/active_record/connection_adapters/abstract/connection_pool.rb:440:in `new_connection'
  activerecord (4.0.4) lib/active_record/connection_adapters/abstract/connection_pool.rb:450:in `checkout_new_connection'
  activerecord (4.0.4) lib/active_record/connection_adapters/abstract/connection_pool.rb:421:in `acquire_connection'
  activerecord (4.0.4) lib/active_record/connection_adapters/abstract/connection_pool.rb:356:in `block in checkout'
  /home/daniel/.rvm/rubies/ruby-2.1.1/lib/ruby/2.1.0/monitor.rb:211:in `mon_synchronize'
  activerecord (4.0.4) lib/active_record/connection_adapters/abstract/connection_pool.rb:355:in `checkout'
  activerecord (4.0.4) lib/active_record/connection_adapters/abstract/connection_pool.rb:265:in `block in connection'
  /home/daniel/.rvm/rubies/ruby-2.1.1/lib/ruby/2.1.0/monitor.rb:211:in `mon_synchronize'
  activerecord (4.0.4) lib/active_record/connection_adapters/abstract/connection_pool.rb:264:in `connection'
  activerecord (4.0.4) lib/active_record/connection_adapters/abstract/connection_pool.rb:546:in `retrieve_connection'
  activerecord (4.0.4) lib/active_record/connection_handling.rb:79:in `retrieve_connection'
  activerecord (4.0.4) lib/active_record/connection_handling.rb:53:in `connection'
  activerecord (4.0.4) lib/active_record/query_cache.rb:51:in `restore_query_cache_settings'
  activerecord (4.0.4) lib/active_record/query_cache.rb:43:in `rescue in call'
  activerecord (4.0.4) lib/active_record/query_cache.rb:32:in `call'
  activerecord (4.0.4) lib/active_record/connection_adapters/abstract/connection_pool.rb:626:in `call'
  activerecord (4.0.4) lib/active_record/migration.rb:373:in `call'
  actionpack (4.0.4) lib/action_dispatch/middleware/callbacks.rb:29:in `block in call'
  activesupport (4.0.4) lib/active_support/callbacks.rb:373:in `_run__202328779__call__callbacks'
  activesupport (4.0.4) lib/active_support/callbacks.rb:80:in `run_callbacks'
  actionpack (4.0.4) lib/action_dispatch/middleware/callbacks.rb:27:in `call'
  actionpack (4.0.4) lib/action_dispatch/middleware/reloader.rb:64:in `call'
  actionpack (4.0.4) lib/action_dispatch/middleware/remote_ip.rb:76:in `call'
  better_errors (1.1.0) lib/better_errors/middleware.rb:84:in `protected_app_call'
  better_errors (1.1.0) lib/better_errors/middleware.rb:79:in `better_errors_call'
  better_errors (1.1.0) lib/better_errors/middleware.rb:56:in `call'
  actionpack (4.0.4) lib/action_dispatch/middleware/debug_exceptions.rb:17:in `call'
>>>>>>> e088c263329c3daccdb6d6276ed6dbec068ebd98
  actionpack (4.0.4) lib/action_dispatch/middleware/show_exceptions.rb:30:in `call'
  railties (4.0.4) lib/rails/rack/logger.rb:38:in `call_app'
  railties (4.0.4) lib/rails/rack/logger.rb:20:in `block in call'
  activesupport (4.0.4) lib/active_support/tagged_logging.rb:68:in `block in tagged'
  activesupport (4.0.4) lib/active_support/tagged_logging.rb:26:in `tagged'
  activesupport (4.0.4) lib/active_support/tagged_logging.rb:68:in `tagged'
  railties (4.0.4) lib/rails/rack/logger.rb:20:in `call'
  actionpack (4.0.4) lib/action_dispatch/middleware/request_id.rb:21:in `call'
  rack (1.5.2) lib/rack/methodoverride.rb:21:in `call'
  rack (1.5.2) lib/rack/runtime.rb:17:in `call'
  activesupport (4.0.4) lib/active_support/cache/strategy/local_cache.rb:83:in `call'
  rack (1.5.2) lib/rack/lock.rb:17:in `call'
  actionpack (4.0.4) lib/action_dispatch/middleware/static.rb:64:in `call'
  rack (1.5.2) lib/rack/sendfile.rb:112:in `call'
  railties (4.0.4) lib/rails/engine.rb:511:in `call'
  railties (4.0.4) lib/rails/application.rb:97:in `call'
  rack (1.5.2) lib/rack/lock.rb:17:in `call'
  rack (1.5.2) lib/rack/content_length.rb:14:in `call'
  rack (1.5.2) lib/rack/handler/webrick.rb:60:in `service'
<<<<<<< HEAD
  /home/rodrigo/.rvm/rubies/ruby-2.1.1/lib/ruby/2.1.0/webrick/httpserver.rb:138:in `service'
  /home/rodrigo/.rvm/rubies/ruby-2.1.1/lib/ruby/2.1.0/webrick/httpserver.rb:94:in `run'
  /home/rodrigo/.rvm/rubies/ruby-2.1.1/lib/ruby/2.1.0/webrick/server.rb:295:in `block in start_thread'


  Rendered /home/rodrigo/.rvm/gems/ruby-2.1.1/gems/actionpack-4.0.4/lib/action_dispatch/middleware/templates/rescues/_trace.erb (1.3ms)
  Rendered /home/rodrigo/.rvm/gems/ruby-2.1.1/gems/actionpack-4.0.4/lib/action_dispatch/middleware/templates/routes/_route.html.erb (2.2ms)
  Rendered /home/rodrigo/.rvm/gems/ruby-2.1.1/gems/actionpack-4.0.4/lib/action_dispatch/middleware/templates/routes/_table.html.erb (26.1ms)
  Rendered /home/rodrigo/.rvm/gems/ruby-2.1.1/gems/actionpack-4.0.4/lib/action_dispatch/middleware/templates/rescues/routing_error.erb within rescues/layout (51.7ms)


Started GET "/" for 127.0.0.1 at 2014-05-16 11:54:03 -0300
Processing by Rails::WelcomeController#index as HTML
  Rendered /home/rodrigo/.rvm/gems/ruby-2.1.1/gems/railties-4.0.4/lib/rails/templates/rails/welcome/index.html.erb (0.9ms)
Completed 200 OK in 91ms (Views: 39.4ms | ActiveRecord: 0.0ms)


Started GET "/users" for 127.0.0.1 at 2014-05-16 11:54:09 -0300

ActionController::RoutingError (No route matches [GET] "/users"):
  actionpack (4.0.4) lib/action_dispatch/middleware/debug_exceptions.rb:21:in `call'
=======
  /home/daniel/.rvm/rubies/ruby-2.1.1/lib/ruby/2.1.0/webrick/httpserver.rb:138:in `service'
  /home/daniel/.rvm/rubies/ruby-2.1.1/lib/ruby/2.1.0/webrick/httpserver.rb:94:in `run'
  /home/daniel/.rvm/rubies/ruby-2.1.1/lib/ruby/2.1.0/webrick/server.rb:295:in `block in start_thread'



Started GET "/" for 127.0.0.1 at 2014-05-16 11:00:19 -0300

Mysql2::Error - Access denied for user 'root'@'localhost' (using password: NO):
  mysql2 (0.3.16) lib/mysql2/client.rb:70:in `connect'
  mysql2 (0.3.16) lib/mysql2/client.rb:70:in `initialize'
  activerecord (4.0.4) lib/active_record/connection_adapters/mysql2_adapter.rb:18:in `new'
  activerecord (4.0.4) lib/active_record/connection_adapters/mysql2_adapter.rb:18:in `mysql2_connection'
  activerecord (4.0.4) lib/active_record/connection_adapters/abstract/connection_pool.rb:440:in `new_connection'
  activerecord (4.0.4) lib/active_record/connection_adapters/abstract/connection_pool.rb:450:in `checkout_new_connection'
  activerecord (4.0.4) lib/active_record/connection_adapters/abstract/connection_pool.rb:421:in `acquire_connection'
  activerecord (4.0.4) lib/active_record/connection_adapters/abstract/connection_pool.rb:356:in `block in checkout'
  /home/daniel/.rvm/rubies/ruby-2.1.1/lib/ruby/2.1.0/monitor.rb:211:in `mon_synchronize'
  activerecord (4.0.4) lib/active_record/connection_adapters/abstract/connection_pool.rb:355:in `checkout'
  activerecord (4.0.4) lib/active_record/connection_adapters/abstract/connection_pool.rb:265:in `block in connection'
  /home/daniel/.rvm/rubies/ruby-2.1.1/lib/ruby/2.1.0/monitor.rb:211:in `mon_synchronize'
  activerecord (4.0.4) lib/active_record/connection_adapters/abstract/connection_pool.rb:264:in `connection'
  activerecord (4.0.4) lib/active_record/connection_adapters/abstract/connection_pool.rb:546:in `retrieve_connection'
  activerecord (4.0.4) lib/active_record/connection_handling.rb:79:in `retrieve_connection'
  activerecord (4.0.4) lib/active_record/connection_handling.rb:53:in `connection'
  activerecord (4.0.4) lib/active_record/query_cache.rb:51:in `restore_query_cache_settings'
  activerecord (4.0.4) lib/active_record/query_cache.rb:43:in `rescue in call'
  activerecord (4.0.4) lib/active_record/query_cache.rb:32:in `call'
  activerecord (4.0.4) lib/active_record/connection_adapters/abstract/connection_pool.rb:626:in `call'
  activerecord (4.0.4) lib/active_record/migration.rb:373:in `call'
  actionpack (4.0.4) lib/action_dispatch/middleware/callbacks.rb:29:in `block in call'
  activesupport (4.0.4) lib/active_support/callbacks.rb:373:in `_run__202328779__call__callbacks'
  activesupport (4.0.4) lib/active_support/callbacks.rb:80:in `run_callbacks'
  actionpack (4.0.4) lib/action_dispatch/middleware/callbacks.rb:27:in `call'
  actionpack (4.0.4) lib/action_dispatch/middleware/reloader.rb:64:in `call'
  actionpack (4.0.4) lib/action_dispatch/middleware/remote_ip.rb:76:in `call'
  better_errors (1.1.0) lib/better_errors/middleware.rb:84:in `protected_app_call'
  better_errors (1.1.0) lib/better_errors/middleware.rb:79:in `better_errors_call'
  better_errors (1.1.0) lib/better_errors/middleware.rb:56:in `call'
  actionpack (4.0.4) lib/action_dispatch/middleware/debug_exceptions.rb:17:in `call'
>>>>>>> e088c263329c3daccdb6d6276ed6dbec068ebd98
  actionpack (4.0.4) lib/action_dispatch/middleware/show_exceptions.rb:30:in `call'
  railties (4.0.4) lib/rails/rack/logger.rb:38:in `call_app'
  railties (4.0.4) lib/rails/rack/logger.rb:20:in `block in call'
  activesupport (4.0.4) lib/active_support/tagged_logging.rb:68:in `block in tagged'
  activesupport (4.0.4) lib/active_support/tagged_logging.rb:26:in `tagged'
  activesupport (4.0.4) lib/active_support/tagged_logging.rb:68:in `tagged'
  railties (4.0.4) lib/rails/rack/logger.rb:20:in `call'
  actionpack (4.0.4) lib/action_dispatch/middleware/request_id.rb:21:in `call'
  rack (1.5.2) lib/rack/methodoverride.rb:21:in `call'
  rack (1.5.2) lib/rack/runtime.rb:17:in `call'
  activesupport (4.0.4) lib/active_support/cache/strategy/local_cache.rb:83:in `call'
  rack (1.5.2) lib/rack/lock.rb:17:in `call'
  actionpack (4.0.4) lib/action_dispatch/middleware/static.rb:64:in `call'
  rack (1.5.2) lib/rack/sendfile.rb:112:in `call'
  railties (4.0.4) lib/rails/engine.rb:511:in `call'
  railties (4.0.4) lib/rails/application.rb:97:in `call'
  rack (1.5.2) lib/rack/lock.rb:17:in `call'
  rack (1.5.2) lib/rack/content_length.rb:14:in `call'
  rack (1.5.2) lib/rack/handler/webrick.rb:60:in `service'
<<<<<<< HEAD
  /home/rodrigo/.rvm/rubies/ruby-2.1.1/lib/ruby/2.1.0/webrick/httpserver.rb:138:in `service'
  /home/rodrigo/.rvm/rubies/ruby-2.1.1/lib/ruby/2.1.0/webrick/httpserver.rb:94:in `run'
  /home/rodrigo/.rvm/rubies/ruby-2.1.1/lib/ruby/2.1.0/webrick/server.rb:295:in `block in start_thread'


  Rendered /home/rodrigo/.rvm/gems/ruby-2.1.1/gems/actionpack-4.0.4/lib/action_dispatch/middleware/templates/rescues/_trace.erb (1.3ms)
  Rendered /home/rodrigo/.rvm/gems/ruby-2.1.1/gems/actionpack-4.0.4/lib/action_dispatch/middleware/templates/routes/_route.html.erb (2.6ms)
  Rendered /home/rodrigo/.rvm/gems/ruby-2.1.1/gems/actionpack-4.0.4/lib/action_dispatch/middleware/templates/routes/_table.html.erb (1.2ms)
  Rendered /home/rodrigo/.rvm/gems/ruby-2.1.1/gems/actionpack-4.0.4/lib/action_dispatch/middleware/templates/rescues/routing_error.erb within rescues/layout (22.6ms)


Started GET "/users" for 127.0.0.1 at 2014-05-16 11:54:38 -0300

ActionController::RoutingError (No route matches [GET] "/users"):
  actionpack (4.0.4) lib/action_dispatch/middleware/debug_exceptions.rb:21:in `call'
=======
  /home/daniel/.rvm/rubies/ruby-2.1.1/lib/ruby/2.1.0/webrick/httpserver.rb:138:in `service'
  /home/daniel/.rvm/rubies/ruby-2.1.1/lib/ruby/2.1.0/webrick/httpserver.rb:94:in `run'
  /home/daniel/.rvm/rubies/ruby-2.1.1/lib/ruby/2.1.0/webrick/server.rb:295:in `block in start_thread'



Started POST "/__better_errors/-635717008/variables" for 127.0.0.1 at 2014-05-16 11:00:19 -0300


Started GET "/" for 127.0.0.1 at 2014-05-16 11:00:42 -0300

Mysql2::Error - Unknown database 'plataforma_inovatech_development':
  mysql2 (0.3.16) lib/mysql2/client.rb:70:in `connect'
  mysql2 (0.3.16) lib/mysql2/client.rb:70:in `initialize'
  activerecord (4.0.4) lib/active_record/connection_adapters/mysql2_adapter.rb:18:in `new'
  activerecord (4.0.4) lib/active_record/connection_adapters/mysql2_adapter.rb:18:in `mysql2_connection'
  activerecord (4.0.4) lib/active_record/connection_adapters/abstract/connection_pool.rb:440:in `new_connection'
  activerecord (4.0.4) lib/active_record/connection_adapters/abstract/connection_pool.rb:450:in `checkout_new_connection'
  activerecord (4.0.4) lib/active_record/connection_adapters/abstract/connection_pool.rb:421:in `acquire_connection'
  activerecord (4.0.4) lib/active_record/connection_adapters/abstract/connection_pool.rb:356:in `block in checkout'
  /home/daniel/.rvm/rubies/ruby-2.1.1/lib/ruby/2.1.0/monitor.rb:211:in `mon_synchronize'
  activerecord (4.0.4) lib/active_record/connection_adapters/abstract/connection_pool.rb:355:in `checkout'
  activerecord (4.0.4) lib/active_record/connection_adapters/abstract/connection_pool.rb:265:in `block in connection'
  /home/daniel/.rvm/rubies/ruby-2.1.1/lib/ruby/2.1.0/monitor.rb:211:in `mon_synchronize'
  activerecord (4.0.4) lib/active_record/connection_adapters/abstract/connection_pool.rb:264:in `connection'
  activerecord (4.0.4) lib/active_record/connection_adapters/abstract/connection_pool.rb:546:in `retrieve_connection'
  activerecord (4.0.4) lib/active_record/connection_handling.rb:79:in `retrieve_connection'
  activerecord (4.0.4) lib/active_record/connection_handling.rb:53:in `connection'
  activerecord (4.0.4) lib/active_record/query_cache.rb:51:in `restore_query_cache_settings'
  activerecord (4.0.4) lib/active_record/query_cache.rb:43:in `rescue in call'
  activerecord (4.0.4) lib/active_record/query_cache.rb:32:in `call'
  activerecord (4.0.4) lib/active_record/connection_adapters/abstract/connection_pool.rb:626:in `call'
  activerecord (4.0.4) lib/active_record/migration.rb:373:in `call'
  actionpack (4.0.4) lib/action_dispatch/middleware/callbacks.rb:29:in `block in call'
  activesupport (4.0.4) lib/active_support/callbacks.rb:373:in `_run__275030238__call__callbacks'
  activesupport (4.0.4) lib/active_support/callbacks.rb:80:in `run_callbacks'
  actionpack (4.0.4) lib/action_dispatch/middleware/callbacks.rb:27:in `call'
  actionpack (4.0.4) lib/action_dispatch/middleware/reloader.rb:64:in `call'
  actionpack (4.0.4) lib/action_dispatch/middleware/remote_ip.rb:76:in `call'
  better_errors (1.1.0) lib/better_errors/middleware.rb:84:in `protected_app_call'
  better_errors (1.1.0) lib/better_errors/middleware.rb:79:in `better_errors_call'
  better_errors (1.1.0) lib/better_errors/middleware.rb:56:in `call'
  actionpack (4.0.4) lib/action_dispatch/middleware/debug_exceptions.rb:17:in `call'
>>>>>>> e088c263329c3daccdb6d6276ed6dbec068ebd98
  actionpack (4.0.4) lib/action_dispatch/middleware/show_exceptions.rb:30:in `call'
  railties (4.0.4) lib/rails/rack/logger.rb:38:in `call_app'
  railties (4.0.4) lib/rails/rack/logger.rb:20:in `block in call'
  activesupport (4.0.4) lib/active_support/tagged_logging.rb:68:in `block in tagged'
  activesupport (4.0.4) lib/active_support/tagged_logging.rb:26:in `tagged'
  activesupport (4.0.4) lib/active_support/tagged_logging.rb:68:in `tagged'
  railties (4.0.4) lib/rails/rack/logger.rb:20:in `call'
  actionpack (4.0.4) lib/action_dispatch/middleware/request_id.rb:21:in `call'
  rack (1.5.2) lib/rack/methodoverride.rb:21:in `call'
  rack (1.5.2) lib/rack/runtime.rb:17:in `call'
  activesupport (4.0.4) lib/active_support/cache/strategy/local_cache.rb:83:in `call'
  rack (1.5.2) lib/rack/lock.rb:17:in `call'
  actionpack (4.0.4) lib/action_dispatch/middleware/static.rb:64:in `call'
  rack (1.5.2) lib/rack/sendfile.rb:112:in `call'
  railties (4.0.4) lib/rails/engine.rb:511:in `call'
  railties (4.0.4) lib/rails/application.rb:97:in `call'
  rack (1.5.2) lib/rack/lock.rb:17:in `call'
  rack (1.5.2) lib/rack/content_length.rb:14:in `call'
  rack (1.5.2) lib/rack/handler/webrick.rb:60:in `service'
<<<<<<< HEAD
  /home/rodrigo/.rvm/rubies/ruby-2.1.1/lib/ruby/2.1.0/webrick/httpserver.rb:138:in `service'
  /home/rodrigo/.rvm/rubies/ruby-2.1.1/lib/ruby/2.1.0/webrick/httpserver.rb:94:in `run'
  /home/rodrigo/.rvm/rubies/ruby-2.1.1/lib/ruby/2.1.0/webrick/server.rb:295:in `block in start_thread'


  Rendered /home/rodrigo/.rvm/gems/ruby-2.1.1/gems/actionpack-4.0.4/lib/action_dispatch/middleware/templates/rescues/_trace.erb (1.3ms)
  Rendered /home/rodrigo/.rvm/gems/ruby-2.1.1/gems/actionpack-4.0.4/lib/action_dispatch/middleware/templates/routes/_route.html.erb (1.6ms)
  Rendered /home/rodrigo/.rvm/gems/ruby-2.1.1/gems/actionpack-4.0.4/lib/action_dispatch/middleware/templates/routes/_table.html.erb (1.9ms)
  Rendered /home/rodrigo/.rvm/gems/ruby-2.1.1/gems/actionpack-4.0.4/lib/action_dispatch/middleware/templates/rescues/routing_error.erb within rescues/layout (22.2ms)


Started GET "/users/sign_in" for 127.0.0.1 at 2014-05-16 11:55:12 -0300
Processing by Devise::SessionsController#new as HTML
  Rendered devise/shared/_links.erb (1.6ms)
  Rendered devise/sessions/new.html.erb within layouts/application (106.2ms)
Completed 200 OK in 761ms (Views: 729.9ms | ActiveRecord: 4.1ms)


Started GET "/assets/application.css?body=1" for 127.0.0.1 at 2014-05-16 11:55:13 -0300


Started GET "/assets/jquery.js?body=1" for 127.0.0.1 at 2014-05-16 11:55:13 -0300


Started GET "/assets/jquery_ujs.js?body=1" for 127.0.0.1 at 2014-05-16 11:55:13 -0300


Started GET "/assets/turbolinks.js?body=1" for 127.0.0.1 at 2014-05-16 11:55:13 -0300


Started GET "/assets/application.js?body=1" for 127.0.0.1 at 2014-05-16 11:55:13 -0300


Started GET "/users/sign_up" for 127.0.0.1 at 2014-05-16 11:55:20 -0300
Processing by Devise::RegistrationsController#new as HTML
  Rendered devise/shared/_links.erb (0.5ms)
  Rendered devise/registrations/new.html.erb within layouts/application (5.4ms)
Completed 200 OK in 21ms (Views: 18.9ms | ActiveRecord: 0.0ms)


Started GET "/users/sign_in" for 127.0.0.1 at 2014-05-16 11:55:26 -0300
Processing by Devise::SessionsController#new as HTML
  Rendered devise/shared/_links.erb (0.4ms)
  Rendered devise/sessions/new.html.erb within layouts/application (5.6ms)
Completed 200 OK in 12ms (Views: 10.7ms | ActiveRecord: 0.0ms)


Started GET "/users/sign_in" for 127.0.0.1 at 2014-05-16 12:11:58 -0300
Processing by Devise::SessionsController#new as HTML
  Rendered devise/shared/_links.erb (0.2ms)
  Rendered devise/sessions/new.html.erb within layouts/application (2.5ms)
Completed 200 OK in 7ms (Views: 6.5ms | ActiveRecord: 0.0ms)


Started GET "/assets/jquery.js?body=1" for 127.0.0.1 at 2014-05-16 12:11:58 -0300


Started GET "/assets/application.css?body=1" for 127.0.0.1 at 2014-05-16 12:11:58 -0300


Started GET "/assets/jquery_ujs.js?body=1" for 127.0.0.1 at 2014-05-16 12:11:58 -0300


Started GET "/assets/turbolinks.js?body=1" for 127.0.0.1 at 2014-05-16 12:11:58 -0300


Started GET "/assets/application.js?body=1" for 127.0.0.1 at 2014-05-16 12:11:58 -0300


Started GET "/users/sign_in" for 127.0.0.1 at 2014-05-16 12:12:00 -0300
Processing by Devise::SessionsController#new as HTML
  Rendered devise/shared/_links.erb (0.2ms)
  Rendered devise/sessions/new.html.erb within layouts/application (2.4ms)
Completed 200 OK in 8ms (Views: 6.8ms | ActiveRecord: 0.0ms)


Started GET "/assets/turbolinks.js?body=1" for 127.0.0.1 at 2014-05-16 12:12:00 -0300


Started GET "/assets/application.js?body=1" for 127.0.0.1 at 2014-05-16 12:12:00 -0300


Started GET "/assets/jquery.js?body=1" for 127.0.0.1 at 2014-05-16 12:12:00 -0300


Started GET "/assets/jquery_ujs.js?body=1" for 127.0.0.1 at 2014-05-16 12:12:00 -0300


Started GET "/assets/application.css?body=1" for 127.0.0.1 at 2014-05-16 12:12:00 -0300


Started POST "/users/sign_in" for 127.0.0.1 at 2014-05-16 12:12:05 -0300
Processing by Devise::SessionsController#create as HTML
  Parameters: {"utf8"=>"✓", "authenticity_token"=>"ca4yNaTRjkMIxm/IlNeA7EZskUTM7PF/eLrkCeEVz8M=", "user"=>{"email"=>"", "password"=>"[FILTERED]"}, "commit"=>"Sign in"}
Completed 401 Unauthorized in 1ms
Processing by Devise::SessionsController#new as HTML
  Parameters: {"utf8"=>"✓", "authenticity_token"=>"ca4yNaTRjkMIxm/IlNeA7EZskUTM7PF/eLrkCeEVz8M=", "user"=>{"email"=>"", "password"=>"[FILTERED]"}, "commit"=>"Sign in"}
  Rendered devise/shared/_links.erb (0.3ms)
  Rendered devise/sessions/new.html.erb within layouts/application (3.0ms)
Completed 200 OK in 8ms (Views: 7.2ms | ActiveRecord: 0.0ms)


Started GET "/assets/application.css?body=1" for 127.0.0.1 at 2014-05-16 12:12:05 -0300


Started GET "/assets/jquery.js?body=1" for 127.0.0.1 at 2014-05-16 12:12:05 -0300


Started GET "/assets/jquery_ujs.js?body=1" for 127.0.0.1 at 2014-05-16 12:12:05 -0300


Started GET "/assets/turbolinks.js?body=1" for 127.0.0.1 at 2014-05-16 12:12:05 -0300


Started GET "/assets/application.js?body=1" for 127.0.0.1 at 2014-05-16 12:12:05 -0300


Started GET "/users/sign_up" for 127.0.0.1 at 2014-05-16 12:12:07 -0300
Processing by Devise::RegistrationsController#new as HTML
  Rendered devise/registrations/new.html.erb within layouts/application (48.5ms)
Completed 500 Internal Server Error in 52ms

ActionView::Template::Error (undefined method `text_field_field' for #<ActionView::Helpers::FormBuilder:0xa30cb68>):
    16:   <%= f.text_field :phone_number, autofocus: false %></div>
    17: 
    18:   <div><%= f.label :rg %><br />
    19:   <%= f.text_field_field :rg, autofocus: false %></div>
    20: 
    21:   <div><%= f.label :issuing_agency %><br />
    22:   <%= f.text_field_field :issuing_agency, autofocus: false %></div>
  app/views/devise/registrations/new.html.erb:19:in `block in _app_views_devise_registrations_new_html_erb___341513442_85665060'
  app/views/devise/registrations/new.html.erb:3:in `_app_views_devise_registrations_new_html_erb___341513442_85665060'


  Rendered /home/rodrigo/.rvm/gems/ruby-2.1.1/gems/actionpack-4.0.4/lib/action_dispatch/middleware/templates/rescues/_trace.erb (1.6ms)
  Rendered /home/rodrigo/.rvm/gems/ruby-2.1.1/gems/actionpack-4.0.4/lib/action_dispatch/middleware/templates/rescues/_request_and_response.erb (1.3ms)
  Rendered /home/rodrigo/.rvm/gems/ruby-2.1.1/gems/actionpack-4.0.4/lib/action_dispatch/middleware/templates/rescues/template_error.erb within rescues/layout (50.6ms)


Started GET "/users/sign_up" for 127.0.0.1 at 2014-05-16 12:18:15 -0300
Processing by Devise::RegistrationsController#new as HTML
  Rendered devise/shared/_links.erb (0.3ms)
  Rendered devise/registrations/new.html.erb within layouts/application (34.5ms)
Completed 200 OK in 40ms (Views: 38.9ms | ActiveRecord: 0.0ms)


Started GET "/assets/application.css?body=1" for 127.0.0.1 at 2014-05-16 12:18:15 -0300


Started GET "/assets/jquery.js?body=1" for 127.0.0.1 at 2014-05-16 12:18:15 -0300


Started GET "/assets/turbolinks.js?body=1" for 127.0.0.1 at 2014-05-16 12:18:15 -0300


Started GET "/assets/jquery_ujs.js?body=1" for 127.0.0.1 at 2014-05-16 12:18:15 -0300


Started GET "/assets/application.js?body=1" for 127.0.0.1 at 2014-05-16 12:18:15 -0300
=======
  /home/daniel/.rvm/rubies/ruby-2.1.1/lib/ruby/2.1.0/webrick/httpserver.rb:138:in `service'
  /home/daniel/.rvm/rubies/ruby-2.1.1/lib/ruby/2.1.0/webrick/httpserver.rb:94:in `run'
  /home/daniel/.rvm/rubies/ruby-2.1.1/lib/ruby/2.1.0/webrick/server.rb:295:in `block in start_thread'



Started GET "/" for 127.0.0.1 at 2014-05-16 11:00:42 -0300

Mysql2::Error - Unknown database 'plataforma_inovatech_development':
  mysql2 (0.3.16) lib/mysql2/client.rb:70:in `connect'
  mysql2 (0.3.16) lib/mysql2/client.rb:70:in `initialize'
  activerecord (4.0.4) lib/active_record/connection_adapters/mysql2_adapter.rb:18:in `new'
  activerecord (4.0.4) lib/active_record/connection_adapters/mysql2_adapter.rb:18:in `mysql2_connection'
  activerecord (4.0.4) lib/active_record/connection_adapters/abstract/connection_pool.rb:440:in `new_connection'
  activerecord (4.0.4) lib/active_record/connection_adapters/abstract/connection_pool.rb:450:in `checkout_new_connection'
  activerecord (4.0.4) lib/active_record/connection_adapters/abstract/connection_pool.rb:421:in `acquire_connection'
  activerecord (4.0.4) lib/active_record/connection_adapters/abstract/connection_pool.rb:356:in `block in checkout'
  /home/daniel/.rvm/rubies/ruby-2.1.1/lib/ruby/2.1.0/monitor.rb:211:in `mon_synchronize'
  activerecord (4.0.4) lib/active_record/connection_adapters/abstract/connection_pool.rb:355:in `checkout'
  activerecord (4.0.4) lib/active_record/connection_adapters/abstract/connection_pool.rb:265:in `block in connection'
  /home/daniel/.rvm/rubies/ruby-2.1.1/lib/ruby/2.1.0/monitor.rb:211:in `mon_synchronize'
  activerecord (4.0.4) lib/active_record/connection_adapters/abstract/connection_pool.rb:264:in `connection'
  activerecord (4.0.4) lib/active_record/connection_adapters/abstract/connection_pool.rb:546:in `retrieve_connection'
  activerecord (4.0.4) lib/active_record/connection_handling.rb:79:in `retrieve_connection'
  activerecord (4.0.4) lib/active_record/connection_handling.rb:53:in `connection'
  activerecord (4.0.4) lib/active_record/query_cache.rb:51:in `restore_query_cache_settings'
  activerecord (4.0.4) lib/active_record/query_cache.rb:43:in `rescue in call'
  activerecord (4.0.4) lib/active_record/query_cache.rb:32:in `call'
  activerecord (4.0.4) lib/active_record/connection_adapters/abstract/connection_pool.rb:626:in `call'
  activerecord (4.0.4) lib/active_record/migration.rb:373:in `call'
  actionpack (4.0.4) lib/action_dispatch/middleware/callbacks.rb:29:in `block in call'
  activesupport (4.0.4) lib/active_support/callbacks.rb:373:in `_run__275030238__call__callbacks'
  activesupport (4.0.4) lib/active_support/callbacks.rb:80:in `run_callbacks'
  actionpack (4.0.4) lib/action_dispatch/middleware/callbacks.rb:27:in `call'
  actionpack (4.0.4) lib/action_dispatch/middleware/reloader.rb:64:in `call'
  actionpack (4.0.4) lib/action_dispatch/middleware/remote_ip.rb:76:in `call'
  better_errors (1.1.0) lib/better_errors/middleware.rb:84:in `protected_app_call'
  better_errors (1.1.0) lib/better_errors/middleware.rb:79:in `better_errors_call'
  better_errors (1.1.0) lib/better_errors/middleware.rb:56:in `call'
  actionpack (4.0.4) lib/action_dispatch/middleware/debug_exceptions.rb:17:in `call'
  actionpack (4.0.4) lib/action_dispatch/middleware/show_exceptions.rb:30:in `call'
  railties (4.0.4) lib/rails/rack/logger.rb:38:in `call_app'
  railties (4.0.4) lib/rails/rack/logger.rb:20:in `block in call'
  activesupport (4.0.4) lib/active_support/tagged_logging.rb:68:in `block in tagged'
  activesupport (4.0.4) lib/active_support/tagged_logging.rb:26:in `tagged'
  activesupport (4.0.4) lib/active_support/tagged_logging.rb:68:in `tagged'
  railties (4.0.4) lib/rails/rack/logger.rb:20:in `call'
  actionpack (4.0.4) lib/action_dispatch/middleware/request_id.rb:21:in `call'
  rack (1.5.2) lib/rack/methodoverride.rb:21:in `call'
  rack (1.5.2) lib/rack/runtime.rb:17:in `call'
  activesupport (4.0.4) lib/active_support/cache/strategy/local_cache.rb:83:in `call'
  rack (1.5.2) lib/rack/lock.rb:17:in `call'
  actionpack (4.0.4) lib/action_dispatch/middleware/static.rb:64:in `call'
  rack (1.5.2) lib/rack/sendfile.rb:112:in `call'
  railties (4.0.4) lib/rails/engine.rb:511:in `call'
  railties (4.0.4) lib/rails/application.rb:97:in `call'
  rack (1.5.2) lib/rack/lock.rb:17:in `call'
  rack (1.5.2) lib/rack/content_length.rb:14:in `call'
  rack (1.5.2) lib/rack/handler/webrick.rb:60:in `service'
  /home/daniel/.rvm/rubies/ruby-2.1.1/lib/ruby/2.1.0/webrick/httpserver.rb:138:in `service'
  /home/daniel/.rvm/rubies/ruby-2.1.1/lib/ruby/2.1.0/webrick/httpserver.rb:94:in `run'
  /home/daniel/.rvm/rubies/ruby-2.1.1/lib/ruby/2.1.0/webrick/server.rb:295:in `block in start_thread'



Started POST "/__better_errors/92194120/variables" for 127.0.0.1 at 2014-05-16 11:00:42 -0300
  [1m[36m (233.1ms)[0m  [1mCREATE TABLE `schema_migrations` (`version` varchar(255) NOT NULL) ENGINE=InnoDB[0m
  [1m[35m (208.7ms)[0m  CREATE UNIQUE INDEX `unique_schema_migrations` ON `schema_migrations` (`version`) 
  [1m[36mActiveRecord::SchemaMigration Load (17.1ms)[0m  [1mSELECT `schema_migrations`.* FROM `schema_migrations`[0m


Started GET "/" for 127.0.0.1 at 2014-05-16 11:00:59 -0300
Processing by Rails::WelcomeController#index as HTML
  Rendered /home/daniel/.rvm/gems/ruby-2.1.1/gems/railties-4.0.4/lib/rails/templates/rails/welcome/index.html.erb (2.2ms)
Completed 200 OK in 68ms (Views: 34.1ms | ActiveRecord: 0.0ms)


Started GET "/" for 127.0.0.1 at 2014-05-16 11:01:00 -0300
Processing by Rails::WelcomeController#index as HTML
  Rendered /home/daniel/.rvm/gems/ruby-2.1.1/gems/railties-4.0.4/lib/rails/templates/rails/welcome/index.html.erb (0.1ms)
Completed 200 OK in 2ms (Views: 1.8ms | ActiveRecord: 0.0ms)
>>>>>>> e088c263329c3daccdb6d6276ed6dbec068ebd98
